{
  "RSpec": {
    "coverage": {
      "/home/guilherme/workspace/cibeledentalclinic/app/helpers/application_helper.rb": [
        1,
        null
      ],
      "/home/guilherme/workspace/cibeledentalclinic/app/models/customer.rb": [
        1,
        1,
        null
      ],
      "/home/guilherme/workspace/cibeledentalclinic/app/models/application_record.rb": [
        1,
        1,
        null
      ],
      "/home/guilherme/workspace/cibeledentalclinic/app/controllers/home_controller.rb": [
        1,
        1,
        null,
        null
      ],
      "/home/guilherme/workspace/cibeledentalclinic/app/controllers/application_controller.rb": [
        1,
        1,
        null
      ],
      "/home/guilherme/workspace/cibeledentalclinic/app/controllers/appointments_controller.rb": [
        1,
        1,
        1,
        1,
        null,
        null,
        1,
        null,
        null,
        1,
        null,
        1,
        2,
        2,
        null,
        null
      ],
      "/home/guilherme/workspace/cibeledentalclinic/app/models/appointment.rb": [
        1,
        null
      ],
      "/home/guilherme/workspace/cibeledentalclinic/app/controllers/customers_controller.rb": [
        1,
        null,
        1,
        1,
        null,
        null,
        1,
        1,
        null,
        null,
        1,
        1,
        null,
        null,
        1,
        1,
        1,
        1,
        null,
        null,
        null,
        1,
        null,
        1,
        1,
        null,
        null
      ],
      "/home/guilherme/workspace/cibeledentalclinic/app/mailers/application_mailer.rb": [
        0,
        0,
        0,
        0
      ],
      "/home/guilherme/workspace/cibeledentalclinic/app/channels/application_cable/connection.rb": [
        0,
        0,
        0,
        0
      ],
      "/home/guilherme/workspace/cibeledentalclinic/app/channels/application_cable/channel.rb": [
        0,
        0,
        0,
        0
      ],
      "/home/guilherme/workspace/cibeledentalclinic/app/jobs/application_job.rb": [
        0,
        0
      ]
    },
    "timestamp": 1470773899
  }
}
